<?xml version="1.0" encoding="UTF-8"?>
<testsuites name="CarbonAndroidApp" time="334.99" tests="4" failures="1" skips="0" errors="0">
   <testsuite name="CarbonAndroidApp" tests="4" failures="1" errors="0" time="334.99" skips="0" timestamp="2021-11-02 14:01:33" hostname="John Kelvin - Gokada-L00597" id="Test Suites/CarbonAndroidApp">
      <properties>
         <property name="deviceName" value="TECNO MOBILE LIMITED TECNO KD7 (Android 10)"/>
         <property name="devicePlatform" value=""/>
         <property name="logFolder" value="C:\\Users\\user\\Katalon Studio\\CarbonAndroid\\Reports\\20211102_140123\\CarbonAndroidApp\\20211102_140123"/>
         <property name="logFiles" value="C:\\Users\\user\\Katalon Studio\\CarbonAndroid\\Reports\\20211102_140123\\CarbonAndroidApp\\20211102_140123\\appium.log, C:\\Users\\user\\Katalon Studio\\CarbonAndroid\\Reports\\20211102_140123\\CarbonAndroidApp\\20211102_140123\\execution0.log"/>
         <property name="attachments" value="C:\\Users\\user\\Katalon Studio\\CarbonAndroid\\Reports\\20211102_140123\\CarbonAndroidApp\\20211102_140123\\1635858424339.png"/>
         <property name="hostName" value="John Kelvin - Gokada-L00597"/>
         <property name="os" value="Windows 10 64bit"/>
         <property name="appiumServerStatus" value="{&quot;value&quot;:{&quot;build&quot;:{&quot;version&quot;:&quot;1.20.2&quot;}},&quot;sessionId&quot;:null,&quot;status&quot;:0}"/>
         <property name="katalonVersion" value="7.9.1.208"/>
         <property name="deviceOS" value="Android"/>
         <property name="appiumVersion" value="1.20.2"/>
         <property name="deviceModel" value="TECNO KD7"/>
         <property name="hostAddress" value="192.168.43.252"/>
         <property name="deviceManufacturer" value="TECNO MOBILE LIMITED"/>
         <property name="deviceId" value="060403712G006230"/>
         <property name="deviceName" value="TECNO MOBILE LIMITED TECNO KD7 (Android 10)"/>
         <property name="deviceOSVersion" value="10"/>
      </properties>
      <testcase name="Test Cases/signin" time="51.72" classname="Test Cases/signin" status="PASSED">
         <system-out><![CDATA[2021-11-02 14:01:35 - [TEST_CASE][PASSED] - Test Cases/signin: Test Cases/signin

2021-11-02 14:01:36 - [TEST_STEP][PASSED] - startApplication("C:\Users\user\Desktop\carbon\carbon_ng-v6.7.1_signed.apk", true): Started app at: 'C:\Users\user\Desktop\carbon\carbon_ng-v6.7.1_signed.apk'

2021-11-02 14:01:37 - [MESSAGE][INFO] - User set preference: ['automationName', 'UiAutomator2']

2021-11-02 14:01:37 - [MESSAGE][INFO] - User set preference: ['deviceId', '']

2021-11-02 14:01:39 - [MESSAGE][INFO] - Appium server started on port 54,977

2021-11-02 14:02:07 - [MESSAGE][PASSED] - Started app at: 'C:\Users\user\Desktop\carbon\carbon_ng-v6.7.1_signed.apk'

2021-11-02 14:02:07 - [TEST_STEP][PASSED] - tap(findTestObject("Object Repository/android.widget.Button - Skip"), 0): Tapped on element 'Object Repository/android.widget.Button - Skip'

2021-11-02 14:02:08 - [MESSAGE][WARNING] - Timeout '0' is invalid. Using default page load timeout: '30'

2021-11-02 14:02:10 - [MESSAGE][PASSED] - Tapped on element 'Object Repository/android.widget.Button - Skip'

2021-11-02 14:02:10 - [TEST_STEP][PASSED] - tap(findTestObject("Object Repository/android.widget.Button - Sign In"), 0): Tapped on element 'Object Repository/android.widget.Button - Sign In'

2021-11-02 14:02:11 - [MESSAGE][WARNING] - Timeout '0' is invalid. Using default page load timeout: '30'

2021-11-02 14:02:19 - [MESSAGE][PASSED] - Tapped on element 'Object Repository/android.widget.Button - Sign In'

2021-11-02 14:02:19 - [TEST_STEP][PASSED] - setText(findTestObject("Object Repository/android.widget.EditText - Phone number"), "08990001100", 0): Text '08990001100' has been set to element 'Object Repository/android.widget.EditText - Phone number'

2021-11-02 14:02:20 - [MESSAGE][WARNING] - Timeout '0' is invalid. Using default page load timeout: '30'

2021-11-02 14:02:22 - [MESSAGE][PASSED] - Text '08990001100' has been set to element 'Object Repository/android.widget.EditText - Phone number'

2021-11-02 14:02:22 - [TEST_STEP][PASSED] - tap(findTestObject("Object Repository/android.widget.EditText - Enter PIN"), 0): Tapped on element 'Object Repository/android.widget.EditText - Enter PIN'

2021-11-02 14:02:22 - [MESSAGE][WARNING] - Timeout '0' is invalid. Using default page load timeout: '30'

2021-11-02 14:02:23 - [MESSAGE][PASSED] - Tapped on element 'Object Repository/android.widget.EditText - Enter PIN'

2021-11-02 14:02:23 - [TEST_STEP][PASSED] - setText(findTestObject("Object Repository/android.widget.EditText - Enter PIN (1)"), "1234", 0): Text '1234' has been set to element 'Object Repository/android.widget.EditText - Enter PIN (1)'

2021-11-02 14:02:23 - [MESSAGE][WARNING] - Timeout '0' is invalid. Using default page load timeout: '30'

2021-11-02 14:02:26 - [MESSAGE][PASSED] - Text '1234' has been set to element 'Object Repository/android.widget.EditText - Enter PIN (1)'

2021-11-02 14:02:26 - [TEST_STEP][PASSED] - tap(findTestObject("Object Repository/android.widget.Button - Sign in (1)"), 0): Tapped on element 'Object Repository/android.widget.Button - Sign in (1)'

2021-11-02 14:02:26 - [MESSAGE][WARNING] - Timeout '0' is invalid. Using default page load timeout: '30'

2021-11-02 14:02:27 - [MESSAGE][PASSED] - Tapped on element 'Object Repository/android.widget.Button - Sign in (1)']]></system-out>
         <system-err><![CDATA[]]></system-err>
      </testcase>
      <testcase name="Test Cases/airtimeRechareg" time="92.423" classname="Test Cases/airtimeRechareg" status="PASSED">
         <system-out><![CDATA[2021-11-02 14:02:27 - [TEST_CASE][PASSED] - Test Cases/airtimeRechareg: Test Cases/airtimeRechareg

2021-11-02 14:02:27 - [TEST_STEP][PASSED] - startApplication("C:\Users\user\Desktop\carbon\carbon_ng-v6.7.1_signed.apk", true): Started app at: 'C:\Users\user\Desktop\carbon\carbon_ng-v6.7.1_signed.apk'

2021-11-02 14:02:27 - [MESSAGE][INFO] - User set preference: ['automationName', 'UiAutomator2']

2021-11-02 14:02:27 - [MESSAGE][INFO] - User set preference: ['deviceId', '']

2021-11-02 14:02:54 - [MESSAGE][PASSED] - Started app at: 'C:\Users\user\Desktop\carbon\carbon_ng-v6.7.1_signed.apk'

2021-11-02 14:02:54 - [TEST_STEP][PASSED] - tap(findTestObject("Object Repository/android.widget.Button - Skip"), 0): Tapped on element 'Object Repository/android.widget.Button - Skip'

2021-11-02 14:02:54 - [MESSAGE][WARNING] - Timeout '0' is invalid. Using default page load timeout: '30'

2021-11-02 14:02:58 - [MESSAGE][PASSED] - Tapped on element 'Object Repository/android.widget.Button - Skip'

2021-11-02 14:02:58 - [TEST_STEP][PASSED] - tap(findTestObject("Object Repository/android.widget.Button - Sign In"), 0): Tapped on element 'Object Repository/android.widget.Button - Sign In'

2021-11-02 14:02:58 - [MESSAGE][WARNING] - Timeout '0' is invalid. Using default page load timeout: '30'

2021-11-02 14:03:16 - [MESSAGE][PASSED] - Tapped on element 'Object Repository/android.widget.Button - Sign In'

2021-11-02 14:03:16 - [TEST_STEP][PASSED] - setText(findTestObject("Object Repository/android.widget.EditText - Phone number"), "08990001100", 0): Text '08990001100' has been set to element 'Object Repository/android.widget.EditText - Phone number'

2021-11-02 14:03:16 - [MESSAGE][WARNING] - Timeout '0' is invalid. Using default page load timeout: '30'

2021-11-02 14:03:19 - [MESSAGE][PASSED] - Text '08990001100' has been set to element 'Object Repository/android.widget.EditText - Phone number'

2021-11-02 14:03:19 - [TEST_STEP][PASSED] - tap(findTestObject("Object Repository/android.widget.EditText - Enter PIN"), 0): Tapped on element 'Object Repository/android.widget.EditText - Enter PIN'

2021-11-02 14:03:19 - [MESSAGE][WARNING] - Timeout '0' is invalid. Using default page load timeout: '30'

2021-11-02 14:03:19 - [MESSAGE][PASSED] - Tapped on element 'Object Repository/android.widget.EditText - Enter PIN'

2021-11-02 14:03:19 - [TEST_STEP][PASSED] - setText(findTestObject("Object Repository/android.widget.EditText - Enter PIN (1)"), "1234", 0): Text '1234' has been set to element 'Object Repository/android.widget.EditText - Enter PIN (1)'

2021-11-02 14:03:20 - [MESSAGE][WARNING] - Timeout '0' is invalid. Using default page load timeout: '30'

2021-11-02 14:03:22 - [MESSAGE][PASSED] - Text '1234' has been set to element 'Object Repository/android.widget.EditText - Enter PIN (1)'

2021-11-02 14:03:22 - [TEST_STEP][PASSED] - tap(findTestObject("Object Repository/android.widget.Button - Sign in (1)"), 0): Tapped on element 'Object Repository/android.widget.Button - Sign in (1)'

2021-11-02 14:03:22 - [MESSAGE][WARNING] - Timeout '0' is invalid. Using default page load timeout: '30'

2021-11-02 14:03:23 - [MESSAGE][PASSED] - Tapped on element 'Object Repository/android.widget.Button - Sign in (1)'

2021-11-02 14:03:23 - [TEST_STEP][PASSED] - pressBack(): Press back button successfully

2021-11-02 14:03:25 - [MESSAGE][PASSED] - Press back button successfully

2021-11-02 14:03:25 - [TEST_STEP][PASSED] - tap(findTestObject("Object Repository/android.widget.ImageView"), 0): Tapped on element 'Object Repository/android.widget.ImageView'

2021-11-02 14:03:25 - [MESSAGE][WARNING] - Timeout '0' is invalid. Using default page load timeout: '30'

2021-11-02 14:03:40 - [MESSAGE][PASSED] - Tapped on element 'Object Repository/android.widget.ImageView'

2021-11-02 14:03:40 - [TEST_STEP][PASSED] - setText(findTestObject("Object Repository/android.widget.EditText - e.g 08031234567"), "08990001100", 0): Text '08990001100' has been set to element 'Object Repository/android.widget.EditText - e.g 08031234567'

2021-11-02 14:03:40 - [MESSAGE][WARNING] - Timeout '0' is invalid. Using default page load timeout: '30'

2021-11-02 14:03:47 - [MESSAGE][PASSED] - Text '08990001100' has been set to element 'Object Repository/android.widget.EditText - e.g 08031234567'

2021-11-02 14:03:47 - [TEST_STEP][PASSED] - tap(findTestObject("Object Repository/android.widget.TextView - 1000"), 0): Tapped on element 'Object Repository/android.widget.TextView - 1000'

2021-11-02 14:03:47 - [MESSAGE][WARNING] - Timeout '0' is invalid. Using default page load timeout: '30'

2021-11-02 14:03:50 - [MESSAGE][PASSED] - Tapped on element 'Object Repository/android.widget.TextView - 1000'

2021-11-02 14:03:50 - [TEST_STEP][PASSED] - tap(findTestObject("Object Repository/android.widget.ImageView (1)"), 0): Tapped on element 'Object Repository/android.widget.ImageView (1)'

2021-11-02 14:03:51 - [MESSAGE][WARNING] - Timeout '0' is invalid. Using default page load timeout: '30'

2021-11-02 14:03:52 - [MESSAGE][PASSED] - Tapped on element 'Object Repository/android.widget.ImageView (1)'

2021-11-02 14:03:52 - [TEST_STEP][PASSED] - tap(findTestObject("Object Repository/android.widget.Button - Next"), 0): Tapped on element 'Object Repository/android.widget.Button - Next'

2021-11-02 14:03:52 - [MESSAGE][WARNING] - Timeout '0' is invalid. Using default page load timeout: '30'

2021-11-02 14:03:53 - [MESSAGE][PASSED] - Tapped on element 'Object Repository/android.widget.Button - Next'

2021-11-02 14:03:53 - [TEST_STEP][PASSED] - tap(findTestObject("Object Repository/android.widget.RadioButton (1)"), 0): Tapped on element 'Object Repository/android.widget.RadioButton (1)'

2021-11-02 14:03:53 - [MESSAGE][WARNING] - Timeout '0' is invalid. Using default page load timeout: '30'

2021-11-02 14:03:57 - [MESSAGE][PASSED] - Tapped on element 'Object Repository/android.widget.RadioButton (1)'

2021-11-02 14:03:57 - [TEST_STEP][PASSED] - tap(findTestObject("Object Repository/android.widget.TextView - Confirm payment"), 0): Tapped on element 'Object Repository/android.widget.TextView - Confirm payment'

2021-11-02 14:03:57 - [MESSAGE][WARNING] - Timeout '0' is invalid. Using default page load timeout: '30'

2021-11-02 14:03:58 - [MESSAGE][PASSED] - Tapped on element 'Object Repository/android.widget.TextView - Confirm payment'

2021-11-02 14:03:58 - [TEST_STEP][PASSED] - tap(findTestObject("Object Repository/android.widget.TextView - Securely pay  1,010.00"), 0): Tapped on element 'Object Repository/android.widget.TextView - Securely pay  1,010.00'

2021-11-02 14:03:58 - [MESSAGE][WARNING] - Timeout '0' is invalid. Using default page load timeout: '30'

2021-11-02 14:03:59 - [MESSAGE][PASSED] - Tapped on element 'Object Repository/android.widget.TextView - Securely pay  1,010.00']]></system-out>
         <system-err><![CDATA[]]></system-err>
      </testcase>
      <testcase name="Test Cases/fundWallet" time="78.239" classname="Test Cases/fundWallet" status="PASSED">
         <system-out><![CDATA[2021-11-02 14:03:59 - [TEST_CASE][PASSED] - Test Cases/fundWallet: Test Cases/fundWallet

2021-11-02 14:04:00 - [TEST_STEP][PASSED] - startApplication("C:\Users\user\Desktop\carbon\carbon_ng-v6.7.1_signed.apk", true): Started app at: 'C:\Users\user\Desktop\carbon\carbon_ng-v6.7.1_signed.apk'

2021-11-02 14:04:00 - [MESSAGE][INFO] - User set preference: ['automationName', 'UiAutomator2']

2021-11-02 14:04:00 - [MESSAGE][INFO] - User set preference: ['deviceId', '']

2021-11-02 14:04:28 - [MESSAGE][PASSED] - Started app at: 'C:\Users\user\Desktop\carbon\carbon_ng-v6.7.1_signed.apk'

2021-11-02 14:04:28 - [TEST_STEP][PASSED] - tap(findTestObject("Object Repository/android.widget.Button - Skip (3)"), 0): Tapped on element 'Object Repository/android.widget.Button - Skip (3)'

2021-11-02 14:04:28 - [MESSAGE][WARNING] - Timeout '0' is invalid. Using default page load timeout: '30'

2021-11-02 14:04:31 - [MESSAGE][PASSED] - Tapped on element 'Object Repository/android.widget.Button - Skip (3)'

2021-11-02 14:04:31 - [TEST_STEP][PASSED] - tap(findTestObject("Object Repository/android.widget.Button - Sign In (6)"), 0): Tapped on element 'Object Repository/android.widget.Button - Sign In (6)'

2021-11-02 14:04:32 - [MESSAGE][WARNING] - Timeout '0' is invalid. Using default page load timeout: '30'

2021-11-02 14:04:40 - [MESSAGE][PASSED] - Tapped on element 'Object Repository/android.widget.Button - Sign In (6)'

2021-11-02 14:04:40 - [TEST_STEP][PASSED] - setText(findTestObject("Object Repository/android.widget.EditText - Phone number (3)"), "08990001100", 0): Text '08990001100' has been set to element 'Object Repository/android.widget.EditText - Phone number (3)'

2021-11-02 14:04:40 - [MESSAGE][WARNING] - Timeout '0' is invalid. Using default page load timeout: '30'

2021-11-02 14:04:43 - [MESSAGE][PASSED] - Text '08990001100' has been set to element 'Object Repository/android.widget.EditText - Phone number (3)'

2021-11-02 14:04:43 - [TEST_STEP][PASSED] - tap(findTestObject("Object Repository/android.widget.EditText - Enter PIN (6)"), 0): Tapped on element 'Object Repository/android.widget.EditText - Enter PIN (6)'

2021-11-02 14:04:43 - [MESSAGE][WARNING] - Timeout '0' is invalid. Using default page load timeout: '30'

2021-11-02 14:04:43 - [MESSAGE][PASSED] - Tapped on element 'Object Repository/android.widget.EditText - Enter PIN (6)'

2021-11-02 14:04:43 - [TEST_STEP][PASSED] - setText(findTestObject("Object Repository/android.widget.EditText - Enter PIN (7)"), "1234", 0): Text '1234' has been set to element 'Object Repository/android.widget.EditText - Enter PIN (7)'

2021-11-02 14:04:44 - [MESSAGE][WARNING] - Timeout '0' is invalid. Using default page load timeout: '30'

2021-11-02 14:04:46 - [MESSAGE][PASSED] - Text '1234' has been set to element 'Object Repository/android.widget.EditText - Enter PIN (7)'

2021-11-02 14:04:46 - [TEST_STEP][PASSED] - tap(findTestObject("Object Repository/android.widget.Button - Sign in (7)"), 0): Tapped on element 'Object Repository/android.widget.Button - Sign in (7)'

2021-11-02 14:04:46 - [MESSAGE][WARNING] - Timeout '0' is invalid. Using default page load timeout: '30'

2021-11-02 14:04:47 - [MESSAGE][PASSED] - Tapped on element 'Object Repository/android.widget.Button - Sign in (7)'

2021-11-02 14:04:47 - [TEST_STEP][PASSED] - tap(findTestObject("Object Repository/android.widget.TextView - Fund Wallet"), 0): Tapped on element 'Object Repository/android.widget.TextView - Fund Wallet'

2021-11-02 14:04:47 - [MESSAGE][WARNING] - Timeout '0' is invalid. Using default page load timeout: '30'

2021-11-02 14:04:57 - [MESSAGE][PASSED] - Tapped on element 'Object Repository/android.widget.TextView - Fund Wallet'

2021-11-02 14:04:57 - [TEST_STEP][PASSED] - tap(findTestObject("Object Repository/android.widget.TextView - Add money with a debit card (2)"), 0): Tapped on element 'Object Repository/android.widget.TextView - Add money with a debit card (2)'

2021-11-02 14:04:57 - [MESSAGE][WARNING] - Timeout '0' is invalid. Using default page load timeout: '30'

2021-11-02 14:05:03 - [MESSAGE][PASSED] - Tapped on element 'Object Repository/android.widget.TextView - Add money with a debit card (2)'

2021-11-02 14:05:03 - [TEST_STEP][PASSED] - tap(findTestObject("Object Repository/android.widget.Button - Continue (1)"), 0): Tapped on element 'Object Repository/android.widget.Button - Continue (1)'

2021-11-02 14:05:03 - [MESSAGE][WARNING] - Timeout '0' is invalid. Using default page load timeout: '30'

2021-11-02 14:05:04 - [MESSAGE][PASSED] - Tapped on element 'Object Repository/android.widget.Button - Continue (1)'

2021-11-02 14:05:04 - [TEST_STEP][PASSED] - setText(findTestObject("Object Repository/android.widget.EditText - 0.00 (3)"), "1000", 0): Text '1000' has been set to element 'Object Repository/android.widget.EditText - 0.00 (3)'

2021-11-02 14:05:04 - [MESSAGE][WARNING] - Timeout '0' is invalid. Using default page load timeout: '30'

2021-11-02 14:05:06 - [MESSAGE][PASSED] - Text '1000' has been set to element 'Object Repository/android.widget.EditText - 0.00 (3)'

2021-11-02 14:05:06 - [TEST_STEP][PASSED] - tap(findTestObject("Object Repository/android.widget.Button - Proceed (2)"), 0): Tapped on element 'Object Repository/android.widget.Button - Proceed (2)'

2021-11-02 14:05:06 - [MESSAGE][WARNING] - Timeout '0' is invalid. Using default page load timeout: '30'

2021-11-02 14:05:08 - [MESSAGE][PASSED] - Tapped on element 'Object Repository/android.widget.Button - Proceed (2)'

2021-11-02 14:05:08 - [TEST_STEP][PASSED] - tap(findTestObject("Object Repository/android.widget.RadioButton (4)"), 0): Tapped on element 'Object Repository/android.widget.RadioButton (4)'

2021-11-02 14:05:08 - [MESSAGE][WARNING] - Timeout '0' is invalid. Using default page load timeout: '30'

2021-11-02 14:05:13 - [MESSAGE][PASSED] - Tapped on element 'Object Repository/android.widget.RadioButton (4)'

2021-11-02 14:05:13 - [TEST_STEP][PASSED] - tap(findTestObject("Object Repository/android.widget.TextView - Confirm payment (3)"), 0): Tapped on element 'Object Repository/android.widget.TextView - Confirm payment (3)'

2021-11-02 14:05:13 - [MESSAGE][WARNING] - Timeout '0' is invalid. Using default page load timeout: '30'

2021-11-02 14:05:13 - [MESSAGE][PASSED] - Tapped on element 'Object Repository/android.widget.TextView - Confirm payment (3)'

2021-11-02 14:05:13 - [TEST_STEP][PASSED] - tap(findTestObject("Object Repository/android.widget.TextView - Securely pay 1,010 (2)"), 0): Tapped on element 'Object Repository/android.widget.TextView - Securely pay 1,010 (2)'

2021-11-02 14:05:13 - [MESSAGE][WARNING] - Timeout '0' is invalid. Using default page load timeout: '30'

2021-11-02 14:05:15 - [MESSAGE][PASSED] - Tapped on element 'Object Repository/android.widget.TextView - Securely pay 1,010 (2)'

2021-11-02 14:05:15 - [TEST_STEP][PASSED] - closeApplication(): Close app successfully

2021-11-02 14:05:18 - [MESSAGE][PASSED] - Close app successfully]]></system-out>
         <system-err><![CDATA[]]></system-err>
      </testcase>
      <testcase name="Test Cases/transactionfilter" time="107.272" classname="Test Cases/transactionfilter" status="FAILED">
         <failure type="FAILED" message="Test Cases/transactionfilter FAILED.
Reason:
com.kms.katalon.core.exception.StepFailedException: Failed to tap on element (Root cause: java.lang.IllegalArgumentException: Object is null
	at com.kms.katalon.core.helper.KeywordHelper.checkTestObjectParameter(KeywordHelper.java:33)
	at com.kms.katalon.core.mobile.keyword.builtin.TapKeyword$_tap_closure1.doCall(TapKeyword.groovy:74)
	at com.kms.katalon.core.mobile.keyword.builtin.TapKeyword$_tap_closure1.call(TapKeyword.groovy)
	at com.kms.katalon.core.mobile.keyword.internal.MobileKeywordMain.runKeyword(MobileKeywordMain.groovy:21)
	at com.kms.katalon.core.mobile.keyword.builtin.TapKeyword.tap(TapKeyword.groovy:86)
	at com.kms.katalon.core.mobile.keyword.builtin.TapKeyword.execute(TapKeyword.groovy:68)
	at com.kms.katalon.core.keyword.internal.KeywordExecutor.executeKeywordForPlatform(KeywordExecutor.groovy:73)
	at com.kms.katalon.core.mobile.keyword.MobileBuiltInKeywords.tap(MobileBuiltInKeywords.groovy:1354)
	at com.kms.katalon.core.mobile.keyword.MobileBuiltInKeywords$tap$0.call(Unknown Source)
	at transactionfilter.run(transactionfilter:50)
	at com.kms.katalon.core.main.ScriptEngine.run(ScriptEngine.java:194)
	at com.kms.katalon.core.main.ScriptEngine.runScriptAsRawText(ScriptEngine.java:119)
	at com.kms.katalon.core.main.TestCaseExecutor.runScript(TestCaseExecutor.java:398)
	at com.kms.katalon.core.main.TestCaseExecutor.doExecute(TestCaseExecutor.java:389)
	at com.kms.katalon.core.main.TestCaseExecutor.processExecutionPhase(TestCaseExecutor.java:368)
	at com.kms.katalon.core.main.TestCaseExecutor.accessMainPhase(TestCaseExecutor.java:360)
	at com.kms.katalon.core.main.TestCaseExecutor.execute(TestCaseExecutor.java:255)
	at com.kms.katalon.core.main.TestSuiteExecutor.accessTestCaseMainPhase(TestSuiteExecutor.java:203)
	at com.kms.katalon.core.main.TestSuiteExecutor.accessTestSuiteMainPhase(TestSuiteExecutor.java:152)
	at com.kms.katalon.core.main.TestSuiteExecutor.execute(TestSuiteExecutor.java:95)
	at com.kms.katalon.core.main.TestCaseMain.startTestSuite(TestCaseMain.java:157)
	at com.kms.katalon.core.main.TestCaseMain$startTestSuite$0.call(Unknown Source)
	at TempTestSuite1635858083383.run(TempTestSuite1635858083383.groovy:39)
)
	at com.kms.katalon.core.keyword.internal.KeywordMain.stepFailed(KeywordMain.groovy:50)
	at com.kms.katalon.core.mobile.keyword.internal.MobileKeywordMain.stepFailed(MobileKeywordMain.groovy:40)
	at com.kms.katalon.core.mobile.keyword.internal.MobileKeywordMain.runKeyword(MobileKeywordMain.groovy:23)
	at com.kms.katalon.core.mobile.keyword.builtin.TapKeyword.tap(TapKeyword.groovy:86)
	at com.kms.katalon.core.mobile.keyword.builtin.TapKeyword.execute(TapKeyword.groovy:68)
	at com.kms.katalon.core.keyword.internal.KeywordExecutor.executeKeywordForPlatform(KeywordExecutor.groovy:73)
	at com.kms.katalon.core.mobile.keyword.MobileBuiltInKeywords.tap(MobileBuiltInKeywords.groovy:1354)
	at com.kms.katalon.core.mobile.keyword.MobileBuiltInKeywords$tap$0.call(Unknown Source)
	at transactionfilter.run(transactionfilter:50)
	at com.kms.katalon.core.main.ScriptEngine.run(ScriptEngine.java:194)
	at com.kms.katalon.core.main.ScriptEngine.runScriptAsRawText(ScriptEngine.java:119)
	at com.kms.katalon.core.main.TestCaseExecutor.runScript(TestCaseExecutor.java:398)
	at com.kms.katalon.core.main.TestCaseExecutor.doExecute(TestCaseExecutor.java:389)
	at com.kms.katalon.core.main.TestCaseExecutor.processExecutionPhase(TestCaseExecutor.java:368)
	at com.kms.katalon.core.main.TestCaseExecutor.accessMainPhase(TestCaseExecutor.java:360)
	at com.kms.katalon.core.main.TestCaseExecutor.execute(TestCaseExecutor.java:255)
	at com.kms.katalon.core.main.TestSuiteExecutor.accessTestCaseMainPhase(TestSuiteExecutor.java:203)
	at com.kms.katalon.core.main.TestSuiteExecutor.accessTestSuiteMainPhase(TestSuiteExecutor.java:152)
	at com.kms.katalon.core.main.TestSuiteExecutor.execute(TestSuiteExecutor.java:95)
	at com.kms.katalon.core.main.TestCaseMain.startTestSuite(TestCaseMain.java:157)
	at com.kms.katalon.core.main.TestCaseMain$startTestSuite$0.call(Unknown Source)
	at TempTestSuite1635858083383.run(TempTestSuite1635858083383.groovy:39)
Caused by: java.lang.IllegalArgumentException: Object is null
	at com.kms.katalon.core.helper.KeywordHelper.checkTestObjectParameter(KeywordHelper.java:33)
	at com.kms.katalon.core.mobile.keyword.builtin.TapKeyword$_tap_closure1.doCall(TapKeyword.groovy:74)
	at com.kms.katalon.core.mobile.keyword.builtin.TapKeyword$_tap_closure1.call(TapKeyword.groovy)
	at com.kms.katalon.core.mobile.keyword.internal.MobileKeywordMain.runKeyword(MobileKeywordMain.groovy:21)
	... 19 more
"/>
         <system-out><![CDATA[2021-11-02 14:05:18 - [TEST_CASE][FAILED] - Test Cases/transactionfilter: Test Cases/transactionfilter FAILED.
Reason:
com.kms.katalon.core.exception.StepFailedException: Failed to tap on element (Root cause: java.lang.IllegalArgumentException: Object is null
	at com.kms.katalon.core.helper.KeywordHelper.checkTestObjectParameter(KeywordHelper.java:33)
	at com.kms.katalon.core.mobile.keyword.builtin.TapKeyword$_tap_closure1.doCall(TapKeyword.groovy:74)
	at com.kms.katalon.core.mobile.keyword.builtin.TapKeyword$_tap_closure1.call(TapKeyword.groovy)
	at com.kms.katalon.core.mobile.keyword.internal.MobileKeywordMain.runKeyword(MobileKeywordMain.groovy:21)
	at com.kms.katalon.core.mobile.keyword.builtin.TapKeyword.tap(TapKeyword.groovy:86)
	at com.kms.katalon.core.mobile.keyword.builtin.TapKeyword.execute(TapKeyword.groovy:68)
	at com.kms.katalon.core.keyword.internal.KeywordExecutor.executeKeywordForPlatform(KeywordExecutor.groovy:73)
	at com.kms.katalon.core.mobile.keyword.MobileBuiltInKeywords.tap(MobileBuiltInKeywords.groovy:1354)
	at com.kms.katalon.core.mobile.keyword.MobileBuiltInKeywords$tap$0.call(Unknown Source)
	at transactionfilter.run(transactionfilter:50)
	at com.kms.katalon.core.main.ScriptEngine.run(ScriptEngine.java:194)
	at com.kms.katalon.core.main.ScriptEngine.runScriptAsRawText(ScriptEngine.java:119)
	at com.kms.katalon.core.main.TestCaseExecutor.runScript(TestCaseExecutor.java:398)
	at com.kms.katalon.core.main.TestCaseExecutor.doExecute(TestCaseExecutor.java:389)
	at com.kms.katalon.core.main.TestCaseExecutor.processExecutionPhase(TestCaseExecutor.java:368)
	at com.kms.katalon.core.main.TestCaseExecutor.accessMainPhase(TestCaseExecutor.java:360)
	at com.kms.katalon.core.main.TestCaseExecutor.execute(TestCaseExecutor.java:255)
	at com.kms.katalon.core.main.TestSuiteExecutor.accessTestCaseMainPhase(TestSuiteExecutor.java:203)
	at com.kms.katalon.core.main.TestSuiteExecutor.accessTestSuiteMainPhase(TestSuiteExecutor.java:152)
	at com.kms.katalon.core.main.TestSuiteExecutor.execute(TestSuiteExecutor.java:95)
	at com.kms.katalon.core.main.TestCaseMain.startTestSuite(TestCaseMain.java:157)
	at com.kms.katalon.core.main.TestCaseMain$startTestSuite$0.call(Unknown Source)
	at TempTestSuite1635858083383.run(TempTestSuite1635858083383.groovy:39)
)
	at com.kms.katalon.core.keyword.internal.KeywordMain.stepFailed(KeywordMain.groovy:50)
	at com.kms.katalon.core.mobile.keyword.internal.MobileKeywordMain.stepFailed(MobileKeywordMain.groovy:40)
	at com.kms.katalon.core.mobile.keyword.internal.MobileKeywordMain.runKeyword(MobileKeywordMain.groovy:23)
	at com.kms.katalon.core.mobile.keyword.builtin.TapKeyword.tap(TapKeyword.groovy:86)
	at com.kms.katalon.core.mobile.keyword.builtin.TapKeyword.execute(TapKeyword.groovy:68)
	at com.kms.katalon.core.keyword.internal.KeywordExecutor.executeKeywordForPlatform(KeywordExecutor.groovy:73)
	at com.kms.katalon.core.mobile.keyword.MobileBuiltInKeywords.tap(MobileBuiltInKeywords.groovy:1354)
	at com.kms.katalon.core.mobile.keyword.MobileBuiltInKeywords$tap$0.call(Unknown Source)
	at transactionfilter.run(transactionfilter:50)
	at com.kms.katalon.core.main.ScriptEngine.run(ScriptEngine.java:194)
	at com.kms.katalon.core.main.ScriptEngine.runScriptAsRawText(ScriptEngine.java:119)
	at com.kms.katalon.core.main.TestCaseExecutor.runScript(TestCaseExecutor.java:398)
	at com.kms.katalon.core.main.TestCaseExecutor.doExecute(TestCaseExecutor.java:389)
	at com.kms.katalon.core.main.TestCaseExecutor.processExecutionPhase(TestCaseExecutor.java:368)
	at com.kms.katalon.core.main.TestCaseExecutor.accessMainPhase(TestCaseExecutor.java:360)
	at com.kms.katalon.core.main.TestCaseExecutor.execute(TestCaseExecutor.java:255)
	at com.kms.katalon.core.main.TestSuiteExecutor.accessTestCaseMainPhase(TestSuiteExecutor.java:203)
	at com.kms.katalon.core.main.TestSuiteExecutor.accessTestSuiteMainPhase(TestSuiteExecutor.java:152)
	at com.kms.katalon.core.main.TestSuiteExecutor.execute(TestSuiteExecutor.java:95)
	at com.kms.katalon.core.main.TestCaseMain.startTestSuite(TestCaseMain.java:157)
	at com.kms.katalon.core.main.TestCaseMain$startTestSuite$0.call(Unknown Source)
	at TempTestSuite1635858083383.run(TempTestSuite1635858083383.groovy:39)
Caused by: java.lang.IllegalArgumentException: Object is null
	at com.kms.katalon.core.helper.KeywordHelper.checkTestObjectParameter(KeywordHelper.java:33)
	at com.kms.katalon.core.mobile.keyword.builtin.TapKeyword$_tap_closure1.doCall(TapKeyword.groovy:74)
	at com.kms.katalon.core.mobile.keyword.builtin.TapKeyword$_tap_closure1.call(TapKeyword.groovy)
	at com.kms.katalon.core.mobile.keyword.internal.MobileKeywordMain.runKeyword(MobileKeywordMain.groovy:21)
	... 19 more


2021-11-02 14:05:18 - [TEST_STEP][PASSED] - startApplication("C:\Users\user\Desktop\carbon\carbon_ng-v6.7.1_signed.apk", true): Started app at: 'C:\Users\user\Desktop\carbon\carbon_ng-v6.7.1_signed.apk'

2021-11-02 14:05:18 - [MESSAGE][INFO] - User set preference: ['automationName', 'UiAutomator2']

2021-11-02 14:05:18 - [MESSAGE][INFO] - User set preference: ['deviceId', '']

2021-11-02 14:05:21 - [MESSAGE][INFO] - Appium server started on port 58,724

2021-11-02 14:05:48 - [MESSAGE][PASSED] - Started app at: 'C:\Users\user\Desktop\carbon\carbon_ng-v6.7.1_signed.apk'

2021-11-02 14:05:48 - [TEST_STEP][PASSED] - tap(findTestObject("Object Repository/android.widget.Button - Skip (4)"), 0): Tapped on element 'Object Repository/android.widget.Button - Skip (4)'

2021-11-02 14:05:48 - [MESSAGE][WARNING] - Timeout '0' is invalid. Using default page load timeout: '30'

2021-11-02 14:05:52 - [MESSAGE][PASSED] - Tapped on element 'Object Repository/android.widget.Button - Skip (4)'

2021-11-02 14:05:52 - [TEST_STEP][PASSED] - tap(findTestObject("Object Repository/android.widget.Button - Sign In (8)"), 0): Tapped on element 'Object Repository/android.widget.Button - Sign In (8)'

2021-11-02 14:05:52 - [MESSAGE][WARNING] - Timeout '0' is invalid. Using default page load timeout: '30'

2021-11-02 14:06:01 - [MESSAGE][PASSED] - Tapped on element 'Object Repository/android.widget.Button - Sign In (8)'

2021-11-02 14:06:01 - [TEST_STEP][PASSED] - setText(findTestObject("Object Repository/android.widget.EditText - Phone number (4)"), "08990001100", 0): Text '08990001100' has been set to element 'Object Repository/android.widget.EditText - Phone number (4)'

2021-11-02 14:06:01 - [MESSAGE][WARNING] - Timeout '0' is invalid. Using default page load timeout: '30'

2021-11-02 14:06:04 - [MESSAGE][PASSED] - Text '08990001100' has been set to element 'Object Repository/android.widget.EditText - Phone number (4)'

2021-11-02 14:06:04 - [TEST_STEP][PASSED] - tap(findTestObject("Object Repository/android.widget.EditText - Enter PIN (8)"), 0): Tapped on element 'Object Repository/android.widget.EditText - Enter PIN (8)'

2021-11-02 14:06:04 - [MESSAGE][WARNING] - Timeout '0' is invalid. Using default page load timeout: '30'

2021-11-02 14:06:05 - [MESSAGE][PASSED] - Tapped on element 'Object Repository/android.widget.EditText - Enter PIN (8)'

2021-11-02 14:06:05 - [TEST_STEP][PASSED] - setText(findTestObject("Object Repository/android.widget.EditText - Enter PIN (9)"), "1234", 0): Text '1234' has been set to element 'Object Repository/android.widget.EditText - Enter PIN (9)'

2021-11-02 14:06:05 - [MESSAGE][WARNING] - Timeout '0' is invalid. Using default page load timeout: '30'

2021-11-02 14:06:08 - [MESSAGE][PASSED] - Text '1234' has been set to element 'Object Repository/android.widget.EditText - Enter PIN (9)'

2021-11-02 14:06:08 - [TEST_STEP][PASSED] - tap(findTestObject("Object Repository/android.widget.Button - Sign in (9)"), 0): Tapped on element 'Object Repository/android.widget.Button - Sign in (9)'

2021-11-02 14:06:08 - [MESSAGE][WARNING] - Timeout '0' is invalid. Using default page load timeout: '30'

2021-11-02 14:06:08 - [MESSAGE][PASSED] - Tapped on element 'Object Repository/android.widget.Button - Sign in (9)'

2021-11-02 14:06:08 - [TEST_STEP][PASSED] - tap(findTestObject("Object Repository/android.widget.TextView - Transactions"), 0): Tapped on element 'Object Repository/android.widget.TextView - Transactions'

2021-11-02 14:06:09 - [MESSAGE][WARNING] - Timeout '0' is invalid. Using default page load timeout: '30'

2021-11-02 14:06:19 - [MESSAGE][PASSED] - Tapped on element 'Object Repository/android.widget.TextView - Transactions'

2021-11-02 14:06:19 - [TEST_STEP][PASSED] - tap(findTestObject("Object Repository/android.widget.Spinner"), 0): Tapped on element 'Object Repository/android.widget.Spinner'

2021-11-02 14:06:19 - [MESSAGE][WARNING] - Timeout '0' is invalid. Using default page load timeout: '30'

2021-11-02 14:06:25 - [MESSAGE][PASSED] - Tapped on element 'Object Repository/android.widget.Spinner'

2021-11-02 14:06:25 - [TEST_STEP][PASSED] - tap(findTestObject("Object Repository/android.widget.TextView - Wallet"), 0): Tapped on element 'Object Repository/android.widget.TextView - Wallet'

2021-11-02 14:06:25 - [MESSAGE][WARNING] - Timeout '0' is invalid. Using default page load timeout: '30'

2021-11-02 14:06:27 - [MESSAGE][PASSED] - Tapped on element 'Object Repository/android.widget.TextView - Wallet'

2021-11-02 14:06:27 - [TEST_STEP][PASSED] - tap(findTestObject("Object Repository/android.widget.TextView - Carbon Wallet . 1157 AM"), 0): Tapped on element 'Object Repository/android.widget.TextView - Carbon Wallet . 1157 AM'

2021-11-02 14:06:27 - [MESSAGE][WARNING] - Timeout '0' is invalid. Using default page load timeout: '30'

2021-11-02 14:06:42 - [MESSAGE][PASSED] - Tapped on element 'Object Repository/android.widget.TextView - Carbon Wallet . 1157 AM'

2021-11-02 14:06:42 - [TEST_STEP][PASSED] - tap(findTestObject("Object Repository/android.widget.ImageView (4)"), 0): Tapped on element 'Object Repository/android.widget.ImageView (4)'

2021-11-02 14:06:42 - [MESSAGE][WARNING] - Timeout '0' is invalid. Using default page load timeout: '30'

2021-11-02 14:06:43 - [MESSAGE][PASSED] - Tapped on element 'Object Repository/android.widget.ImageView (4)'

2021-11-02 14:06:43 - [TEST_STEP][PASSED] - tap(findTestObject("Object Repository/android.widget.Spinner (1)"), 0): Tapped on element 'Object Repository/android.widget.Spinner (1)'

2021-11-02 14:06:43 - [MESSAGE][WARNING] - Timeout '0' is invalid. Using default page load timeout: '30'

2021-11-02 14:06:44 - [MESSAGE][PASSED] - Tapped on element 'Object Repository/android.widget.Spinner (1)'

2021-11-02 14:06:44 - [TEST_STEP][PASSED] - tap(findTestObject("Object Repository/android.widget.TextView - Airtime"), 0): Tapped on element 'Object Repository/android.widget.TextView - Airtime'

2021-11-02 14:06:45 - [MESSAGE][WARNING] - Timeout '0' is invalid. Using default page load timeout: '30'

2021-11-02 14:06:46 - [MESSAGE][PASSED] - Tapped on element 'Object Repository/android.widget.TextView - Airtime'

2021-11-02 14:06:46 - [TEST_STEP][PASSED] - tap(findTestObject("Object Repository/android.widget.TextView - quickteller - SUCCESS . 0109 PM"), 0): Tapped on element 'Object Repository/android.widget.TextView - quickteller - SUCCESS . 0109 PM'

2021-11-02 14:06:47 - [MESSAGE][WARNING] - Timeout '0' is invalid. Using default page load timeout: '30'

2021-11-02 14:07:04 - [MESSAGE][PASSED] - Tapped on element 'Object Repository/android.widget.TextView - quickteller - SUCCESS . 0109 PM'

2021-11-02 14:07:04 - [TEST_STEP][FAILED] - tap(findTestObject(""), 0): Failed to tap on element (Root cause: java.lang.IllegalArgumentException: Object is null
	at com.kms.katalon.core.helper.KeywordHelper.checkTestObjectParameter(KeywordHelper.java:33)
	at com.kms.katalon.core.mobile.keyword.builtin.TapKeyword$_tap_closure1.doCall(TapKeyword.groovy:74)
	at com.kms.katalon.core.mobile.keyword.builtin.TapKeyword$_tap_closure1.call(TapKeyword.groovy)
	at com.kms.katalon.core.mobile.keyword.internal.MobileKeywordMain.runKeyword(MobileKeywordMain.groovy:21)
	at com.kms.katalon.core.mobile.keyword.builtin.TapKeyword.tap(TapKeyword.groovy:86)
	at com.kms.katalon.core.mobile.keyword.builtin.TapKeyword.execute(TapKeyword.groovy:68)
	at com.kms.katalon.core.keyword.internal.KeywordExecutor.executeKeywordForPlatform(KeywordExecutor.groovy:73)
	at com.kms.katalon.core.mobile.keyword.MobileBuiltInKeywords.tap(MobileBuiltInKeywords.groovy:1354)
	at com.kms.katalon.core.mobile.keyword.MobileBuiltInKeywords$tap$0.call(Unknown Source)
	at transactionfilter.run(transactionfilter:50)
	at com.kms.katalon.core.main.ScriptEngine.run(ScriptEngine.java:194)
	at com.kms.katalon.core.main.ScriptEngine.runScriptAsRawText(ScriptEngine.java:119)
	at com.kms.katalon.core.main.TestCaseExecutor.runScript(TestCaseExecutor.java:398)
	at com.kms.katalon.core.main.TestCaseExecutor.doExecute(TestCaseExecutor.java:389)
	at com.kms.katalon.core.main.TestCaseExecutor.processExecutionPhase(TestCaseExecutor.java:368)
	at com.kms.katalon.core.main.TestCaseExecutor.accessMainPhase(TestCaseExecutor.java:360)
	at com.kms.katalon.core.main.TestCaseExecutor.execute(TestCaseExecutor.java:255)
	at com.kms.katalon.core.main.TestSuiteExecutor.accessTestCaseMainPhase(TestSuiteExecutor.java:203)
	at com.kms.katalon.core.main.TestSuiteExecutor.accessTestSuiteMainPhase(TestSuiteExecutor.java:152)
	at com.kms.katalon.core.main.TestSuiteExecutor.execute(TestSuiteExecutor.java:95)
	at com.kms.katalon.core.main.TestCaseMain.startTestSuite(TestCaseMain.java:157)
	at com.kms.katalon.core.main.TestCaseMain$startTestSuite$0.call(Unknown Source)
	at TempTestSuite1635858083383.run(TempTestSuite1635858083383.groovy:39)
)

2021-11-02 14:07:04 - [MESSAGE][WARNING] - Test object with id 'Object Repository/' does not exist

2021-11-02 14:07:04 - [MESSAGE][WARNING] - Test object with id 'Object Repository/' does not exist

2021-11-02 14:07:05 - [MESSAGE][FAILED] - Failed to tap on element (Root cause: java.lang.IllegalArgumentException: Object is null
	at com.kms.katalon.core.helper.KeywordHelper.checkTestObjectParameter(KeywordHelper.java:33)
	at com.kms.katalon.core.mobile.keyword.builtin.TapKeyword$_tap_closure1.doCall(TapKeyword.groovy:74)
	at com.kms.katalon.core.mobile.keyword.builtin.TapKeyword$_tap_closure1.call(TapKeyword.groovy)
	at com.kms.katalon.core.mobile.keyword.internal.MobileKeywordMain.runKeyword(MobileKeywordMain.groovy:21)
	at com.kms.katalon.core.mobile.keyword.builtin.TapKeyword.tap(TapKeyword.groovy:86)
	at com.kms.katalon.core.mobile.keyword.builtin.TapKeyword.execute(TapKeyword.groovy:68)
	at com.kms.katalon.core.keyword.internal.KeywordExecutor.executeKeywordForPlatform(KeywordExecutor.groovy:73)
	at com.kms.katalon.core.mobile.keyword.MobileBuiltInKeywords.tap(MobileBuiltInKeywords.groovy:1354)
	at com.kms.katalon.core.mobile.keyword.MobileBuiltInKeywords$tap$0.call(Unknown Source)
	at transactionfilter.run(transactionfilter:50)
	at com.kms.katalon.core.main.ScriptEngine.run(ScriptEngine.java:194)
	at com.kms.katalon.core.main.ScriptEngine.runScriptAsRawText(ScriptEngine.java:119)
	at com.kms.katalon.core.main.TestCaseExecutor.runScript(TestCaseExecutor.java:398)
	at com.kms.katalon.core.main.TestCaseExecutor.doExecute(TestCaseExecutor.java:389)
	at com.kms.katalon.core.main.TestCaseExecutor.processExecutionPhase(TestCaseExecutor.java:368)
	at com.kms.katalon.core.main.TestCaseExecutor.accessMainPhase(TestCaseExecutor.java:360)
	at com.kms.katalon.core.main.TestCaseExecutor.execute(TestCaseExecutor.java:255)
	at com.kms.katalon.core.main.TestSuiteExecutor.accessTestCaseMainPhase(TestSuiteExecutor.java:203)
	at com.kms.katalon.core.main.TestSuiteExecutor.accessTestSuiteMainPhase(TestSuiteExecutor.java:152)
	at com.kms.katalon.core.main.TestSuiteExecutor.execute(TestSuiteExecutor.java:95)
	at com.kms.katalon.core.main.TestCaseMain.startTestSuite(TestCaseMain.java:157)
	at com.kms.katalon.core.main.TestCaseMain$startTestSuite$0.call(Unknown Source)
	at TempTestSuite1635858083383.run(TempTestSuite1635858083383.groovy:39)
)
[[ATTACHMENT|C:\\Users\\user\\Katalon Studio\\CarbonAndroid\\Reports\\20211102_140123\\CarbonAndroidApp\\20211102_140123\\1635858424339.png]]]]></system-out>
         <system-err><![CDATA[2021-11-02 14:05:18 - [TEST_CASE][FAILED] - Test Cases/transactionfilter: Test Cases/transactionfilter FAILED.
Reason:
com.kms.katalon.core.exception.StepFailedException: Failed to tap on element (Root cause: java.lang.IllegalArgumentException: Object is null
	at com.kms.katalon.core.helper.KeywordHelper.checkTestObjectParameter(KeywordHelper.java:33)
	at com.kms.katalon.core.mobile.keyword.builtin.TapKeyword$_tap_closure1.doCall(TapKeyword.groovy:74)
	at com.kms.katalon.core.mobile.keyword.builtin.TapKeyword$_tap_closure1.call(TapKeyword.groovy)
	at com.kms.katalon.core.mobile.keyword.internal.MobileKeywordMain.runKeyword(MobileKeywordMain.groovy:21)
	at com.kms.katalon.core.mobile.keyword.builtin.TapKeyword.tap(TapKeyword.groovy:86)
	at com.kms.katalon.core.mobile.keyword.builtin.TapKeyword.execute(TapKeyword.groovy:68)
	at com.kms.katalon.core.keyword.internal.KeywordExecutor.executeKeywordForPlatform(KeywordExecutor.groovy:73)
	at com.kms.katalon.core.mobile.keyword.MobileBuiltInKeywords.tap(MobileBuiltInKeywords.groovy:1354)
	at com.kms.katalon.core.mobile.keyword.MobileBuiltInKeywords$tap$0.call(Unknown Source)
	at transactionfilter.run(transactionfilter:50)
	at com.kms.katalon.core.main.ScriptEngine.run(ScriptEngine.java:194)
	at com.kms.katalon.core.main.ScriptEngine.runScriptAsRawText(ScriptEngine.java:119)
	at com.kms.katalon.core.main.TestCaseExecutor.runScript(TestCaseExecutor.java:398)
	at com.kms.katalon.core.main.TestCaseExecutor.doExecute(TestCaseExecutor.java:389)
	at com.kms.katalon.core.main.TestCaseExecutor.processExecutionPhase(TestCaseExecutor.java:368)
	at com.kms.katalon.core.main.TestCaseExecutor.accessMainPhase(TestCaseExecutor.java:360)
	at com.kms.katalon.core.main.TestCaseExecutor.execute(TestCaseExecutor.java:255)
	at com.kms.katalon.core.main.TestSuiteExecutor.accessTestCaseMainPhase(TestSuiteExecutor.java:203)
	at com.kms.katalon.core.main.TestSuiteExecutor.accessTestSuiteMainPhase(TestSuiteExecutor.java:152)
	at com.kms.katalon.core.main.TestSuiteExecutor.execute(TestSuiteExecutor.java:95)
	at com.kms.katalon.core.main.TestCaseMain.startTestSuite(TestCaseMain.java:157)
	at com.kms.katalon.core.main.TestCaseMain$startTestSuite$0.call(Unknown Source)
	at TempTestSuite1635858083383.run(TempTestSuite1635858083383.groovy:39)
)
	at com.kms.katalon.core.keyword.internal.KeywordMain.stepFailed(KeywordMain.groovy:50)
	at com.kms.katalon.core.mobile.keyword.internal.MobileKeywordMain.stepFailed(MobileKeywordMain.groovy:40)
	at com.kms.katalon.core.mobile.keyword.internal.MobileKeywordMain.runKeyword(MobileKeywordMain.groovy:23)
	at com.kms.katalon.core.mobile.keyword.builtin.TapKeyword.tap(TapKeyword.groovy:86)
	at com.kms.katalon.core.mobile.keyword.builtin.TapKeyword.execute(TapKeyword.groovy:68)
	at com.kms.katalon.core.keyword.internal.KeywordExecutor.executeKeywordForPlatform(KeywordExecutor.groovy:73)
	at com.kms.katalon.core.mobile.keyword.MobileBuiltInKeywords.tap(MobileBuiltInKeywords.groovy:1354)
	at com.kms.katalon.core.mobile.keyword.MobileBuiltInKeywords$tap$0.call(Unknown Source)
	at transactionfilter.run(transactionfilter:50)
	at com.kms.katalon.core.main.ScriptEngine.run(ScriptEngine.java:194)
	at com.kms.katalon.core.main.ScriptEngine.runScriptAsRawText(ScriptEngine.java:119)
	at com.kms.katalon.core.main.TestCaseExecutor.runScript(TestCaseExecutor.java:398)
	at com.kms.katalon.core.main.TestCaseExecutor.doExecute(TestCaseExecutor.java:389)
	at com.kms.katalon.core.main.TestCaseExecutor.processExecutionPhase(TestCaseExecutor.java:368)
	at com.kms.katalon.core.main.TestCaseExecutor.accessMainPhase(TestCaseExecutor.java:360)
	at com.kms.katalon.core.main.TestCaseExecutor.execute(TestCaseExecutor.java:255)
	at com.kms.katalon.core.main.TestSuiteExecutor.accessTestCaseMainPhase(TestSuiteExecutor.java:203)
	at com.kms.katalon.core.main.TestSuiteExecutor.accessTestSuiteMainPhase(TestSuiteExecutor.java:152)
	at com.kms.katalon.core.main.TestSuiteExecutor.execute(TestSuiteExecutor.java:95)
	at com.kms.katalon.core.main.TestCaseMain.startTestSuite(TestCaseMain.java:157)
	at com.kms.katalon.core.main.TestCaseMain$startTestSuite$0.call(Unknown Source)
	at TempTestSuite1635858083383.run(TempTestSuite1635858083383.groovy:39)
Caused by: java.lang.IllegalArgumentException: Object is null
	at com.kms.katalon.core.helper.KeywordHelper.checkTestObjectParameter(KeywordHelper.java:33)
	at com.kms.katalon.core.mobile.keyword.builtin.TapKeyword$_tap_closure1.doCall(TapKeyword.groovy:74)
	at com.kms.katalon.core.mobile.keyword.builtin.TapKeyword$_tap_closure1.call(TapKeyword.groovy)
	at com.kms.katalon.core.mobile.keyword.internal.MobileKeywordMain.runKeyword(MobileKeywordMain.groovy:21)
	... 19 more]]></system-err>
      </testcase>
      <system-out><![CDATA[2021-11-02 14:01:33 - [TEST_SUITE][FAILED] - CarbonAndroidApp: Test Cases/transactionfilter FAILED.
Reason:
com.kms.katalon.core.exception.StepFailedException: Failed to tap on element (Root cause: java.lang.IllegalArgumentException: Object is null
	at com.kms.katalon.core.helper.KeywordHelper.checkTestObjectParameter(KeywordHelper.java:33)
	at com.kms.katalon.core.mobile.keyword.builtin.TapKeyword$_tap_closure1.doCall(TapKeyword.groovy:74)
	at com.kms.katalon.core.mobile.keyword.builtin.TapKeyword$_tap_closure1.call(TapKeyword.groovy)
	at com.kms.katalon.core.mobile.keyword.internal.MobileKeywordMain.runKeyword(MobileKeywordMain.groovy:21)
	at com.kms.katalon.core.mobile.keyword.builtin.TapKeyword.tap(TapKeyword.groovy:86)
	at com.kms.katalon.core.mobile.keyword.builtin.TapKeyword.execute(TapKeyword.groovy:68)
	at com.kms.katalon.core.keyword.internal.KeywordExecutor.executeKeywordForPlatform(KeywordExecutor.groovy:73)
	at com.kms.katalon.core.mobile.keyword.MobileBuiltInKeywords.tap(MobileBuiltInKeywords.groovy:1354)
	at com.kms.katalon.core.mobile.keyword.MobileBuiltInKeywords$tap$0.call(Unknown Source)
	at transactionfilter.run(transactionfilter:50)
	at com.kms.katalon.core.main.ScriptEngine.run(ScriptEngine.java:194)
	at com.kms.katalon.core.main.ScriptEngine.runScriptAsRawText(ScriptEngine.java:119)
	at com.kms.katalon.core.main.TestCaseExecutor.runScript(TestCaseExecutor.java:398)
	at com.kms.katalon.core.main.TestCaseExecutor.doExecute(TestCaseExecutor.java:389)
	at com.kms.katalon.core.main.TestCaseExecutor.processExecutionPhase(TestCaseExecutor.java:368)
	at com.kms.katalon.core.main.TestCaseExecutor.accessMainPhase(TestCaseExecutor.java:360)
	at com.kms.katalon.core.main.TestCaseExecutor.execute(TestCaseExecutor.java:255)
	at com.kms.katalon.core.main.TestSuiteExecutor.accessTestCaseMainPhase(TestSuiteExecutor.java:203)
	at com.kms.katalon.core.main.TestSuiteExecutor.accessTestSuiteMainPhase(TestSuiteExecutor.java:152)
	at com.kms.katalon.core.main.TestSuiteExecutor.execute(TestSuiteExecutor.java:95)
	at com.kms.katalon.core.main.TestCaseMain.startTestSuite(TestCaseMain.java:157)
	at com.kms.katalon.core.main.TestCaseMain$startTestSuite$0.call(Unknown Source)
	at TempTestSuite1635858083383.run(TempTestSuite1635858083383.groovy:39)
)
	at com.kms.katalon.core.keyword.internal.KeywordMain.stepFailed(KeywordMain.groovy:50)
	at com.kms.katalon.core.mobile.keyword.internal.MobileKeywordMain.stepFailed(MobileKeywordMain.groovy:40)
	at com.kms.katalon.core.mobile.keyword.internal.MobileKeywordMain.runKeyword(MobileKeywordMain.groovy:23)
	at com.kms.katalon.core.mobile.keyword.builtin.TapKeyword.tap(TapKeyword.groovy:86)
	at com.kms.katalon.core.mobile.keyword.builtin.TapKeyword.execute(TapKeyword.groovy:68)
	at com.kms.katalon.core.keyword.internal.KeywordExecutor.executeKeywordForPlatform(KeywordExecutor.groovy:73)
	at com.kms.katalon.core.mobile.keyword.MobileBuiltInKeywords.tap(MobileBuiltInKeywords.groovy:1354)
	at com.kms.katalon.core.mobile.keyword.MobileBuiltInKeywords$tap$0.call(Unknown Source)
	at transactionfilter.run(transactionfilter:50)
	at com.kms.katalon.core.main.ScriptEngine.run(ScriptEngine.java:194)
	at com.kms.katalon.core.main.ScriptEngine.runScriptAsRawText(ScriptEngine.java:119)
	at com.kms.katalon.core.main.TestCaseExecutor.runScript(TestCaseExecutor.java:398)
	at com.kms.katalon.core.main.TestCaseExecutor.doExecute(TestCaseExecutor.java:389)
	at com.kms.katalon.core.main.TestCaseExecutor.processExecutionPhase(TestCaseExecutor.java:368)
	at com.kms.katalon.core.main.TestCaseExecutor.accessMainPhase(TestCaseExecutor.java:360)
	at com.kms.katalon.core.main.TestCaseExecutor.execute(TestCaseExecutor.java:255)
	at com.kms.katalon.core.main.TestSuiteExecutor.accessTestCaseMainPhase(TestSuiteExecutor.java:203)
	at com.kms.katalon.core.main.TestSuiteExecutor.accessTestSuiteMainPhase(TestSuiteExecutor.java:152)
	at com.kms.katalon.core.main.TestSuiteExecutor.execute(TestSuiteExecutor.java:95)
	at com.kms.katalon.core.main.TestCaseMain.startTestSuite(TestCaseMain.java:157)
	at com.kms.katalon.core.main.TestCaseMain$startTestSuite$0.call(Unknown Source)
	at TempTestSuite1635858083383.run(TempTestSuite1635858083383.groovy:39)
Caused by: java.lang.IllegalArgumentException: Object is null
	at com.kms.katalon.core.helper.KeywordHelper.checkTestObjectParameter(KeywordHelper.java:33)
	at com.kms.katalon.core.mobile.keyword.builtin.TapKeyword$_tap_closure1.doCall(TapKeyword.groovy:74)
	at com.kms.katalon.core.mobile.keyword.builtin.TapKeyword$_tap_closure1.call(TapKeyword.groovy)
	at com.kms.katalon.core.mobile.keyword.internal.MobileKeywordMain.runKeyword(MobileKeywordMain.groovy:21)
	... 19 more]]></system-out>
      <system-err><![CDATA[2021-11-02 14:01:33 - [TEST_SUITE][FAILED] - CarbonAndroidApp: Test Cases/transactionfilter FAILED.
Reason:
com.kms.katalon.core.exception.StepFailedException: Failed to tap on element (Root cause: java.lang.IllegalArgumentException: Object is null
	at com.kms.katalon.core.helper.KeywordHelper.checkTestObjectParameter(KeywordHelper.java:33)
	at com.kms.katalon.core.mobile.keyword.builtin.TapKeyword$_tap_closure1.doCall(TapKeyword.groovy:74)
	at com.kms.katalon.core.mobile.keyword.builtin.TapKeyword$_tap_closure1.call(TapKeyword.groovy)
	at com.kms.katalon.core.mobile.keyword.internal.MobileKeywordMain.runKeyword(MobileKeywordMain.groovy:21)
	at com.kms.katalon.core.mobile.keyword.builtin.TapKeyword.tap(TapKeyword.groovy:86)
	at com.kms.katalon.core.mobile.keyword.builtin.TapKeyword.execute(TapKeyword.groovy:68)
	at com.kms.katalon.core.keyword.internal.KeywordExecutor.executeKeywordForPlatform(KeywordExecutor.groovy:73)
	at com.kms.katalon.core.mobile.keyword.MobileBuiltInKeywords.tap(MobileBuiltInKeywords.groovy:1354)
	at com.kms.katalon.core.mobile.keyword.MobileBuiltInKeywords$tap$0.call(Unknown Source)
	at transactionfilter.run(transactionfilter:50)
	at com.kms.katalon.core.main.ScriptEngine.run(ScriptEngine.java:194)
	at com.kms.katalon.core.main.ScriptEngine.runScriptAsRawText(ScriptEngine.java:119)
	at com.kms.katalon.core.main.TestCaseExecutor.runScript(TestCaseExecutor.java:398)
	at com.kms.katalon.core.main.TestCaseExecutor.doExecute(TestCaseExecutor.java:389)
	at com.kms.katalon.core.main.TestCaseExecutor.processExecutionPhase(TestCaseExecutor.java:368)
	at com.kms.katalon.core.main.TestCaseExecutor.accessMainPhase(TestCaseExecutor.java:360)
	at com.kms.katalon.core.main.TestCaseExecutor.execute(TestCaseExecutor.java:255)
	at com.kms.katalon.core.main.TestSuiteExecutor.accessTestCaseMainPhase(TestSuiteExecutor.java:203)
	at com.kms.katalon.core.main.TestSuiteExecutor.accessTestSuiteMainPhase(TestSuiteExecutor.java:152)
	at com.kms.katalon.core.main.TestSuiteExecutor.execute(TestSuiteExecutor.java:95)
	at com.kms.katalon.core.main.TestCaseMain.startTestSuite(TestCaseMain.java:157)
	at com.kms.katalon.core.main.TestCaseMain$startTestSuite$0.call(Unknown Source)
	at TempTestSuite1635858083383.run(TempTestSuite1635858083383.groovy:39)
)
	at com.kms.katalon.core.keyword.internal.KeywordMain.stepFailed(KeywordMain.groovy:50)
	at com.kms.katalon.core.mobile.keyword.internal.MobileKeywordMain.stepFailed(MobileKeywordMain.groovy:40)
	at com.kms.katalon.core.mobile.keyword.internal.MobileKeywordMain.runKeyword(MobileKeywordMain.groovy:23)
	at com.kms.katalon.core.mobile.keyword.builtin.TapKeyword.tap(TapKeyword.groovy:86)
	at com.kms.katalon.core.mobile.keyword.builtin.TapKeyword.execute(TapKeyword.groovy:68)
	at com.kms.katalon.core.keyword.internal.KeywordExecutor.executeKeywordForPlatform(KeywordExecutor.groovy:73)
	at com.kms.katalon.core.mobile.keyword.MobileBuiltInKeywords.tap(MobileBuiltInKeywords.groovy:1354)
	at com.kms.katalon.core.mobile.keyword.MobileBuiltInKeywords$tap$0.call(Unknown Source)
	at transactionfilter.run(transactionfilter:50)
	at com.kms.katalon.core.main.ScriptEngine.run(ScriptEngine.java:194)
	at com.kms.katalon.core.main.ScriptEngine.runScriptAsRawText(ScriptEngine.java:119)
	at com.kms.katalon.core.main.TestCaseExecutor.runScript(TestCaseExecutor.java:398)
	at com.kms.katalon.core.main.TestCaseExecutor.doExecute(TestCaseExecutor.java:389)
	at com.kms.katalon.core.main.TestCaseExecutor.processExecutionPhase(TestCaseExecutor.java:368)
	at com.kms.katalon.core.main.TestCaseExecutor.accessMainPhase(TestCaseExecutor.java:360)
	at com.kms.katalon.core.main.TestCaseExecutor.execute(TestCaseExecutor.java:255)
	at com.kms.katalon.core.main.TestSuiteExecutor.accessTestCaseMainPhase(TestSuiteExecutor.java:203)
	at com.kms.katalon.core.main.TestSuiteExecutor.accessTestSuiteMainPhase(TestSuiteExecutor.java:152)
	at com.kms.katalon.core.main.TestSuiteExecutor.execute(TestSuiteExecutor.java:95)
	at com.kms.katalon.core.main.TestCaseMain.startTestSuite(TestCaseMain.java:157)
	at com.kms.katalon.core.main.TestCaseMain$startTestSuite$0.call(Unknown Source)
	at TempTestSuite1635858083383.run(TempTestSuite1635858083383.groovy:39)
Caused by: java.lang.IllegalArgumentException: Object is null
	at com.kms.katalon.core.helper.KeywordHelper.checkTestObjectParameter(KeywordHelper.java:33)
	at com.kms.katalon.core.mobile.keyword.builtin.TapKeyword$_tap_closure1.doCall(TapKeyword.groovy:74)
	at com.kms.katalon.core.mobile.keyword.builtin.TapKeyword$_tap_closure1.call(TapKeyword.groovy)
	at com.kms.katalon.core.mobile.keyword.internal.MobileKeywordMain.runKeyword(MobileKeywordMain.groovy:21)
	... 19 more]]></system-err>
   </testsuite>
</testsuites>
